<?xml version="1.0" encoding="UTF-8"?>
<!-- Generated by org.testng.reporters.JUnitReportReporter -->
<testsuite hostname="MeenaNagamuthu" failures="0" tests="2" name="TNG.Test1" time="9.334" errors="0" timestamp="2022-10-27T07:16:10 IST" skipped="0">
  <testcase classname="TNG.Test1" name="faceebooklogin" time="2.476"/>
  <system-out>
    <![CDATA[facebook]]>
  </system-out>
  <testcase classname="TNG.Test1" name="amazonlogin" time="6.858"/>
  <system-out>
    <![CDATA[amazon]]>
  </system-out>
</testsuite> <!-- TNG.Test1 -->
