<?xml version="1.0" encoding="UTF-8"?>
<!-- Generated by org.testng.reporters.JUnitReportReporter -->
<testsuite hostname="MeenaNagamuthu" failures="0" tests="1" name="Fileutilities.LoginToFacebookApp" time="1.550" errors="0" timestamp="2022-10-28T09:27:38 IST" skipped="0">
  <testcase classname="Fileutilities.LoginToFacebookApp" name="loginToFacebookApp" time="1.550"/>
  <system-out/>
</testsuite> <!-- Fileutilities.LoginToFacebookApp -->
